# project  configured on Sat Nov 19 16:02:14 2016 by
# waf 1.7.11 (abi 98, python 2070af0 on darwin)
# using /Users/sebastiengouin-davis/Library/Application Support/Pebble SDK/SDKs/current/sdk-core/pebble/waf configure
#
----------------------------------------
Setting top to
/Users/sebastiengouin-davis/Dropbox/code-drawer/pebble_bus
----------------------------------------
Setting out to
/Users/sebastiengouin-davis/Dropbox/code-drawer/pebble_bus/build
----------------------------------------
Checking for program webpack
/Users/sebastiengouin-davis/Library/Application Support/Pebble SDK/SDKs/current/node_modules/.bin/webpack
find program=['webpack'] paths=['/Users/sebastiengouin-davis/Library/Application Support/Pebble SDK/SDKs/current/node_modules/.bin'] var='WEBPACK' -> '/Users/sebastiengouin-davis/Library/Application Support/Pebble SDK/SDKs/current/node_modules/.bin/webpack'
----------------------------------------
Found Pebble SDK for chalk in:
/Users/sebastiengouin-davis/Library/Application Support/Pebble SDK/SDKs/current/sdk-core/pebble/chalk
----------------------------------------
Checking for program gcc,cc
arm-none-eabi-gcc
find program=['gcc', 'cc'] paths='' var='CC' -> 'arm-none-eabi-gcc'
----------------------------------------
Checking for program ar
arm-none-eabi-ar
find program=['ar'] paths='' var='AR' -> 'arm-none-eabi-ar'
